[debug] [2022-07-20T12:36:13.344Z] ----------------------------------------------------------------------
[debug] [2022-07-20T12:36:13.345Z] Command:       D:\node.exe C:\Users\Олег\AppData\Roaming\npm\node_modules\firebase-tools\lib\bin\firebase.js init
[debug] [2022-07-20T12:36:13.346Z] CLI Version:   11.3.0
[debug] [2022-07-20T12:36:13.346Z] Platform:      win32
[debug] [2022-07-20T12:36:13.346Z] Node Version:  v16.15.1
[debug] [2022-07-20T12:36:13.347Z] Time:          Wed Jul 20 2022 15:36:13 GMT+0300 (Восточная Европа, летнее время)
[debug] [2022-07-20T12:36:13.347Z] ----------------------------------------------------------------------
[debug] 
[debug] [2022-07-20T12:36:13.352Z] > command requires scopes: ["email","openid","https://www.googleapis.com/auth/cloudplatformprojects.readonly","https://www.googleapis.com/auth/firebase","https://www.googleapis.com/auth/cloud-platform"]
[debug] [2022-07-20T12:36:13.353Z] > authorizing via signed-in user (okarmazin331@gmail.com)
[info] 
     ######## #### ########  ######## ########     ###     ######  ########
     ##        ##  ##     ## ##       ##     ##  ##   ##  ##       ##
     ######    ##  ########  ######   ########  #########  ######  ######
     ##        ##  ##    ##  ##       ##     ## ##     ##       ## ##
     ##       #### ##     ## ######## ########  ##     ##  ######  ########

You're about to initialize a Firebase project in this directory:

  C:\Users\Олег\Desktop\moviesapp

[info] 
=== Project Setup
[info] 
[info] First, let's associate this project directory with a Firebase project.
[info] You can create multiple project aliases by running firebase use --add, 
[info] but for now we'll just set up a default project.
[info] 
[debug] [2022-07-20T12:36:49.679Z] > refreshing access token with scopes: []
[debug] [2022-07-20T12:36:49.682Z] >>> [apiv2][query] POST https://www.googleapis.com/oauth2/v3/token [none]
[debug] [2022-07-20T12:36:49.682Z] >>> [apiv2][body] POST https://www.googleapis.com/oauth2/v3/token [omitted]
[debug] [2022-07-20T12:36:49.920Z] <<< [apiv2][status] POST https://www.googleapis.com/oauth2/v3/token 200
[debug] [2022-07-20T12:36:49.920Z] <<< [apiv2][body] POST https://www.googleapis.com/oauth2/v3/token [omitted]
[debug] [2022-07-20T12:36:49.939Z] >>> [apiv2][query] GET https://firebase.googleapis.com/v1beta1/projects pageSize=100
[debug] [2022-07-20T12:36:50.767Z] <<< [apiv2][status] GET https://firebase.googleapis.com/v1beta1/projects 200
[debug] [2022-07-20T12:36:50.767Z] <<< [apiv2][body] GET https://firebase.googleapis.com/v1beta1/projects [omitted]
[info] i  Using project movies-app-a4fc4 (movies-app) 
[info] 
=== Hosting Setup
[info] 
[info] Your public directory is the folder (relative to your project directory) that
[info] will contain Hosting assets to be uploaded with firebase deploy. If you
[info] have a build process for your assets, use your build's output directory.
[info] 
[debug] [2022-07-20T12:37:37.935Z] >>> [apiv2][query] GET https://www.gstatic.com/firebasejs/releases.json [none]
[debug] [2022-07-20T12:37:38.153Z] <<< [apiv2][status] GET https://www.gstatic.com/firebasejs/releases.json 200
[debug] [2022-07-20T12:37:38.153Z] <<< [apiv2][body] GET https://www.gstatic.com/firebasejs/releases.json {"current":{"version":"9.9.0","browserURL":"https://www.gstatic.com/firebasejs/9.9.0/firebase.js","packageURL":"https://www.gstatic.com/firebasejs/9.9.0/firebase.tgz"},"live":{"version":"9.9","browserURL":"https://www.gstatic.com/firebasejs/live/9.9/firebase.js","packageURL":"https://www.gstatic.com/firebasejs/live/9.9/firebase.tgz"},"components":{"analytics":"https://www.gstatic.com/firebasejs/9.9.0/firebase-analytics.js","app":"https://www.gstatic.com/firebasejs/9.9.0/firebase-app.js","app-check":"https://www.gstatic.com/firebasejs/9.9.0/firebase-app-check.js","auth":"https://www.gstatic.com/firebasejs/9.9.0/firebase-auth.js","auth/cordova":"https://www.gstatic.com/firebasejs/9.9.0/firebase-auth/cordova.js","auth/react-native":"https://www.gstatic.com/firebasejs/9.9.0/firebase-auth/react-native.js","functions":"https://www.gstatic.com/firebasejs/9.9.0/firebase-functions.js","firestore":"https://www.gstatic.com/firebasejs/9.9.0/firebase-firestore.js","firestore/lite":"https://www.gstatic.com/firebasejs/9.9.0/firebase-firestore/lite.js","installations":"https://www.gstatic.com/firebasejs/9.9.0/firebase-installations.js","storage":"https://www.gstatic.com/firebasejs/9.9.0/firebase-storage.js","performance":"https://www.gstatic.com/firebasejs/9.9.0/firebase-performance.js","remote-config":"https://www.gstatic.com/firebasejs/9.9.0/firebase-remote-config.js","messaging":"https://www.gstatic.com/firebasejs/9.9.0/firebase-messaging.js","messaging/sw":"https://www.gstatic.com/firebasejs/9.9.0/firebase-messaging/sw.js","database":"https://www.gstatic.com/firebasejs/9.9.0/firebase-database.js","firestore.memory":"https://www.gstatic.com/firebasejs/9.9.0/firebase-firestore.memory.js"}}
[info] +  Wrote dist/index.html 
[info] 
[info] i  Didn't detect a .git folder. Assuming C:\Users\Олег\Desktop\moviesapp is the project root. 
[info] i  Authorizing with GitHub to upload your service account to a GitHub repository's secrets store. 
[info] 
[info] Visit this URL on this device to log in:
[info] https://github.com/login/oauth/authorize?client_id=89cf50f02ac6aaed3484&state=548134070&redirect_uri=http%3A%2F%2Flocalhost%3A9005&scope=read%3Auser%20repo%20public_repo
[info] 
[info] Waiting for authentication...
[debug] [2022-07-20T12:37:53.739Z] >>> [apiv2][query] POST https://github.com/login/oauth/access_token [none]
[debug] [2022-07-20T12:37:53.739Z] >>> [apiv2][body] POST https://github.com/login/oauth/access_token [stream]
[debug] [2022-07-20T12:37:54.300Z] <<< [apiv2][status] POST https://github.com/login/oauth/access_token 200
[debug] [2022-07-20T12:37:54.301Z] <<< [apiv2][body] POST https://github.com/login/oauth/access_token {"access_token":"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","token_type":"bearer","scope":"read:user,repo"}
[debug] [2022-07-20T12:37:54.315Z] >>> [apiv2][query] GET https://api.github.com/user [none]
[debug] [2022-07-20T12:37:54.744Z] <<< [apiv2][status] GET https://api.github.com/user 200
[debug] [2022-07-20T12:37:54.745Z] <<< [apiv2][body] GET https://api.github.com/user {"login":"KARMA2131","id":93929551,"node_id":"U_kgDOBZlATw","avatar_url":"https://avatars.githubusercontent.com/u/93929551?v=4","gravatar_id":"","url":"https://api.github.com/users/KARMA2131","html_url":"https://github.com/KARMA2131","followers_url":"https://api.github.com/users/KARMA2131/followers","following_url":"https://api.github.com/users/KARMA2131/following{/other_user}","gists_url":"https://api.github.com/users/KARMA2131/gists{/gist_id}","starred_url":"https://api.github.com/users/KARMA2131/starred{/owner}{/repo}","subscriptions_url":"https://api.github.com/users/KARMA2131/subscriptions","organizations_url":"https://api.github.com/users/KARMA2131/orgs","repos_url":"https://api.github.com/users/KARMA2131/repos","events_url":"https://api.github.com/users/KARMA2131/events{/privacy}","received_events_url":"https://api.github.com/users/KARMA2131/received_events","type":"User","site_admin":false,"name":null,"company":null,"blog":"","location":null,"email":null,"hireable":null,"bio":null,"twitter_username":null,"public_repos":3,"public_gists":0,"followers":0,"following":0,"created_at":"2021-11-08T14:45:41Z","updated_at":"2022-06-23T09:14:14Z","private_gists":0,"total_private_repos":0,"owned_private_repos":0,"disk_usage":3287,"collaborators":0,"two_factor_authentication":false,"plan":{"name":"free","space":976562499,"collaborators":0,"private_repos":10000}}
[info] 
[info] +  Success! Logged into GitHub as KARMA2131 
[info] 
[debug] [2022-07-20T12:38:05.658Z] >>> [apiv2][query] GET https://api.github.com/repos/y/actions/secrets/public-key type=owner
[debug] [2022-07-20T12:38:05.993Z] <<< [apiv2][status] GET https://api.github.com/repos/y/actions/secrets/public-key 404
[debug] [2022-07-20T12:38:05.993Z] <<< [apiv2][body] GET https://api.github.com/repos/y/actions/secrets/public-key {"message":"Not Found","documentation_url":"https://docs.github.com/rest"}
[debug] [2022-07-20T12:38:09.287Z] >>> [apiv2][query] GET https://api.github.com/repos/y/actions/secrets/public-key type=owner
[debug] [2022-07-20T12:38:09.710Z] <<< [apiv2][status] GET https://api.github.com/repos/y/actions/secrets/public-key 404
[debug] [2022-07-20T12:38:09.710Z] <<< [apiv2][body] GET https://api.github.com/repos/y/actions/secrets/public-key {"message":"Not Found","documentation_url":"https://docs.github.com/rest"}
